<?xml version="1.0" encoding="UTF-8"?>
<testsuite name="CinemaTests" tests="1" skipped="0" failures="0" errors="0" timestamp="2022-11-14T02:32:33" hostname="LAPTOP-HL00RL1I" time="16.003">
  <properties/>
  <testcase name="start" classname="CinemaTests" time="16.003"/>
  <system-out><![CDATA[?[1;31m
Start test 1?[0m
?[0;34m
?[0m?[0;34m  .   ____          _            __ _ _
?[0m?[0;34m /\\ / ___'_ __ _ _(_)_ __  __ _ \ \ \ \
?[0m?[0;34m( ( )\___ | '_ | '_| | '_ \/ _` | \ \ \ \
?[0m?[0;34m \\/  ___)| |_)| | | | | || (_| |  ) ) ) )
?[0m?[0;34m  '  |____| .__|_| |_|_| |_\__, | / / / /
?[0m?[0;34m =========|_|==============|___/=/_/_/_/
?[0m?[0;34m :: Spring Boot ::                (v2.5.6)
?[0m?[0;34m
?[0m?[0;34m2022-11-13 21:32:36.275  INFO 5580 --- [    Test worker] cinema.Main                              : Starting Main using Java 17.0.4.1 on LAPTOP-HL00RL1I with PID 5580 (started by knnth in C:\Users\knnth\Cinema Room REST Service\Cinema Room REST Service\task)
?[0m?[0;34m2022-11-13 21:32:36.283  INFO 5580 --- [    Test worker] cinema.Main                              : No active profile set, falling back to default profiles: default
?[0m?[0;34m2022-11-13 21:32:42.520  INFO 5580 --- [    Test worker] o.s.b.w.embedded.tomcat.TomcatWebServer  : Tomcat initialized with port(s): 28852 (http)
?[0m?[0;34m2022-11-13 21:32:42.551  INFO 5580 --- [    Test worker] o.apache.catalina.core.StandardService   : Starting service [Tomcat]
?[0m?[0;34m2022-11-13 21:32:42.553  INFO 5580 --- [    Test worker] org.apache.catalina.core.StandardEngine  : Starting Servlet engine: [Apache Tomcat/9.0.54]
?[0m?[0;34m2022-11-13 21:32:42.964  INFO 5580 --- [    Test worker] o.a.c.c.C.[Tomcat].[localhost].[/]       : Initializing Spring embedded WebApplicationContext
?[0m?[0;34m2022-11-13 21:32:42.965  INFO 5580 --- [    Test worker] w.s.c.ServletWebServerApplicationContext : Root WebApplicationContext: initialization completed in 6439 ms
?[0m?[0;34m2022-11-13 21:32:45.633  INFO 5580 --- [    Test worker] o.s.b.a.e.web.EndpointLinksResolver      : Exposing 14 endpoint(s) beneath base path '/actuator'
?[0m?[0;34m2022-11-13 21:32:46.212  INFO 5580 --- [    Test worker] o.s.b.w.embedded.tomcat.TomcatWebServer  : Tomcat started on port(s): 28852 (http) with context path ''
?[0m?[0;34m2022-11-13 21:32:46.260  INFO 5580 --- [    Test worker] cinema.Main                              : Started Main in 12.019 seconds (JVM running for 15.324)
?[0;34m2022-11-13 21:32:47.620  INFO 5580 --- [io-28852-exec-1] o.a.c.c.C.[Tomcat].[localhost].[/]       : Initializing Spring DispatcherServlet 'dispatcherServlet'
?[0m?[0;34m2022-11-13 21:32:47.621  INFO 5580 --- [io-28852-exec-1] o.s.web.servlet.DispatcherServlet        : Initializing Servlet 'dispatcherServlet'
?[0m?[0;34m2022-11-13 21:32:47.630  INFO 5580 --- [io-28852-exec-1] o.s.web.servlet.DispatcherServlet        : Completed initialization in 8 ms
?[0m?[1;31m
Start test 2?[0m
?[1;31m
Start test 3?[0m
?[1;31m
Start test 4?[0m
?[1;31m
Start test 5?[0m
?[1;31m
Start test 6?[0m
?[0;34m2_5
?[1;31m
Start test 7?[0m
?[1;31m
Start test 8?[0m
?[0;34m1_1
?[1;31m
Start test 9?[0m
?[1;31m
Start test 10?[0m
?[0;34m1_1
?[0m?[0;34m7_4
?[1;31m
Start test 11?[0m
?[0m?[0;34m7_4
?[1;31m
Start test 12?[0m
?[0;34m1_1
]]></system-out>
  <system-err><![CDATA[]]></system-err>
</testsuite>
